<?xml version="1.0" encoding="UTF-8"?>
<!-- Generated by org.testng.reporters.JUnitReportReporter -->
<testsuite hostname="LAPTOP-FU2BFSPU" failures="0" tests="13" name="com.testingShastra.runner.FetureRunner" time="137.689" errors="0" timestamp="2024-12-14T12:44:22 IST" skipped="0">
  <testcase classname="com.testingShastra.runner.FetureRunner" name="runScenario" time="8.118"/>
  <system-out/>
  <testcase classname="com.testingShastra.runner.FetureRunner" name="runScenario" time="4.533"/>
  <system-out/>
  <testcase classname="com.testingShastra.runner.FetureRunner" name="runScenario" time="6.580"/>
  <system-out/>
  <testcase classname="com.testingShastra.runner.FetureRunner" name="runScenario" time="48.965"/>
  <system-out/>
  <testcase classname="com.testingShastra.runner.FetureRunner" name="runScenario" time="7.997"/>
  <system-out/>
  <testcase classname="com.testingShastra.runner.FetureRunner" name="runScenario" time="7.936"/>
  <system-out/>
  <testcase classname="com.testingShastra.runner.FetureRunner" name="runScenario" time="8.046"/>
  <system-out/>
  <testcase classname="com.testingShastra.runner.FetureRunner" name="runScenario" time="8.168"/>
  <system-out/>
  <testcase classname="com.testingShastra.runner.FetureRunner" name="runScenario" time="7.563"/>
  <system-out/>
  <testcase classname="com.testingShastra.runner.FetureRunner" name="runScenario" time="9.945"/>
  <system-out/>
  <testcase classname="com.testingShastra.runner.FetureRunner" name="runScenario" time="6.932"/>
  <system-out/>
  <testcase classname="com.testingShastra.runner.FetureRunner" name="runScenario" time="5.234"/>
  <system-out/>
  <testcase classname="com.testingShastra.runner.FetureRunner" name="runScenario" time="7.672"/>
  <system-out/>
</testsuite> <!-- com.testingShastra.runner.FetureRunner -->
