<?xml version="1.0" encoding="UTF-8"?>
<!-- Generated by org.testng.reporters.JUnitReportReporter -->
<testsuite hostname="LAPTOP-FU2BFSPU" failures="0" tests="1" name="com.Carnation24KDD.TestingShastra.AddUserTest" time="32.660" errors="0" timestamp="2024-12-01T19:03:48 IST" skipped="0">
  <testcase classname="com.Carnation24KDD.TestingShastra.AddUserTest" name="verifyIfNameOfAlreadyCreatedUserPopulatesInListUsingKeywordsUsingPOM" time="32.660"/>
  <system-out/>
</testsuite> <!-- com.Carnation24KDD.TestingShastra.AddUserTest -->
