<?xml version="1.0" encoding="UTF-8"?>
<!-- Generated by org.testng.reporters.JUnitReportReporter -->
<testsuite hostname="LAPTOP-FU2BFSPU" failures="0" tests="1" name="com.testingShastra.runner.FeatureRunner" time="9.566" errors="0" timestamp="2024-12-20T20:41:32 IST" skipped="0">
  <testcase classname="com.testingShastra.runner.FeatureRunner" name="runScenario" time="9.566"/>
  <system-out/>
</testsuite> <!-- com.testingShastra.runner.FeatureRunner -->
