<?xml version="1.0" encoding="UTF-8"?>
<!-- Generated by org.testng.reporters.JUnitReportReporter -->
<testsuite hostname="LAPTOP-FU2BFSPU" failures="0" tests="2" name="com.Carnation24KDD.TestingShastra.B" time="0.000" errors="0" timestamp="2024-11-20T11:37:42 IST" skipped="0">
  <testcase classname="com.Carnation24KDD.TestingShastra.B" name="m1" time="0.000"/>
  <system-out/>
  <testcase classname="com.Carnation24KDD.TestingShastra.B" name="m2" time="0.000"/>
  <system-out/>
</testsuite> <!-- com.Carnation24KDD.TestingShastra.B -->
